*** Using Compiler 'V5.06 update 5 (build 528)', folder: 'D:\keli5\ARM\ARMCC\Bin'
Build target 'CAN'
assembling startup_stm32f103xb.s...
compiling stm32f1xx_hal_rcc_ex.c...
compiling stm32f1xx_hal_cortex.c...
compiling usart.c...
compiling main.c...
compiling can.c...
compiling stm32f1xx_hal_gpio_ex.c...
compiling stm32f1xx_hal_msp.c...
compiling stm32f1xx_hal_gpio.c...
compiling stm32f1xx_hal.c...
compiling stm32f1xx_it.c...
compiling gpio.c...
compiling stm32f1xx_hal_pwr.c...
compiling stm32f1xx_hal_dma.c...
compiling stm32f1xx_hal_rcc.c...
compiling stm32f1xx_hal_can.c...
compiling stm32f1xx_hal_flash.c...
compiling stm32f1xx_hal_flash_ex.c...
compiling stm32f1xx_hal_tim.c...
compiling stm32f1xx_hal_exti.c...
compiling stm32f1xx_hal_tim_ex.c...
compiling system_stm32f1xx.c...
compiling stm32f1xx_hal_uart.c...
linking...
Program Size: Code=5002 RO-data=294 RW-data=16 ZI-data=1136  
FromELF: creating hex file...
"CAN\CAN.axf" - 0 Error(s), 0 Warning(s).
Build Time Elapsed:  00:00:03
